<?xml version="1.0" encoding="UTF-8"?>
<testng-results skipped="0" failed="0" total="2" passed="2">
  <reporter-output>
  </reporter-output>
  <suite name="DCM" duration-ms="502737" started-at="2018-06-28T09:16:05Z" finished-at="2018-06-28T09:24:28Z">
    <groups>
    </groups>
    <test name="Run on FIREFOX browser" duration-ms="267308" started-at="2018-06-28T09:16:05Z" finished-at="2018-06-28T09:20:32Z">
      <class name="tc.common.OpenAllPages">
        <test-method status="PASS" signature="beforeTest(java.lang.String, java.lang.String)[pri:0, instance:tc.common.OpenAllPages@34033bd0]" name="beforeTest" is-config="true" duration-ms="26650" started-at="2018-06-28T16:16:05Z" finished-at="2018-06-28T16:16:31Z">
          <params>
            <param index="0">
              <value>
                <![CDATA[firefox]]>
              </value>
            </param>
            <param index="1">
              <value>
                <![CDATA[]]>
              </value>
            </param>
          </params>
          <reporter-output>
          </reporter-output>
        </test-method> <!-- beforeTest -->
        <test-method status="PASS" signature="TC_02_OpenMenu()[pri:0, instance:tc.common.OpenAllPages@34033bd0]" name="TC_02_OpenMenu" duration-ms="239898" started-at="2018-06-28T16:16:31Z" finished-at="2018-06-28T16:20:31Z">
          <reporter-output>
          </reporter-output>
        </test-method> <!-- TC_02_OpenMenu -->
        <test-method status="PASS" signature="afterTest()[pri:0, instance:tc.common.OpenAllPages@34033bd0]" name="afterTest" is-config="true" duration-ms="746" started-at="2018-06-28T16:20:31Z" finished-at="2018-06-28T16:20:32Z">
          <reporter-output>
          </reporter-output>
        </test-method> <!-- afterTest -->
      </class> <!-- tc.common.OpenAllPages -->
    </test> <!-- Run on FIREFOX browser -->
    <test name="Run on CHROME browser" duration-ms="235375" started-at="2018-06-28T09:20:32Z" finished-at="2018-06-28T09:24:28Z">
      <class name="tc.common.OpenAllPages">
        <test-method status="PASS" signature="beforeTest(java.lang.String, java.lang.String)[pri:0, instance:tc.common.OpenAllPages@357246de]" name="beforeTest" is-config="true" duration-ms="19359" started-at="2018-06-28T16:20:32Z" finished-at="2018-06-28T16:20:52Z">
          <params>
            <param index="0">
              <value>
                <![CDATA[chrome]]>
              </value>
            </param>
            <param index="1">
              <value>
                <![CDATA[2.39]]>
              </value>
            </param>
          </params>
          <reporter-output>
          </reporter-output>
        </test-method> <!-- beforeTest -->
        <test-method status="PASS" signature="TC_02_OpenMenu()[pri:0, instance:tc.common.OpenAllPages@357246de]" name="TC_02_OpenMenu" duration-ms="214949" started-at="2018-06-28T16:20:52Z" finished-at="2018-06-28T16:24:27Z">
          <reporter-output>
          </reporter-output>
        </test-method> <!-- TC_02_OpenMenu -->
        <test-method status="PASS" signature="afterTest()[pri:0, instance:tc.common.OpenAllPages@357246de]" name="afterTest" is-config="true" duration-ms="1064" started-at="2018-06-28T16:24:27Z" finished-at="2018-06-28T16:24:28Z">
          <reporter-output>
          </reporter-output>
        </test-method> <!-- afterTest -->
      </class> <!-- tc.common.OpenAllPages -->
    </test> <!-- Run on CHROME browser -->
  </suite> <!-- DCM -->
</testng-results>
