<?xml version="1.0" encoding="UTF-8"?>
<testng-results skipped="0" failed="0" total="1" passed="1">
  <reporter-output>
  </reporter-output>
  <suite name="DCM" duration-ms="174290" started-at="2018-06-27T08:00:15Z" finished-at="2018-06-27T08:03:09Z">
    <groups>
    </groups>
    <test name="Run on FIREFOX browser" duration-ms="174290" started-at="2018-06-27T08:00:15Z" finished-at="2018-06-27T08:03:09Z">
      <class name="tc.common.OpenAllPages">
        <test-method status="PASS" signature="beforeTest(java.lang.String)[pri:0, instance:tc.common.OpenAllPages@3ecf72fd]" name="beforeTest" is-config="true" duration-ms="23612" started-at="2018-06-27T15:00:15Z" finished-at="2018-06-27T15:00:38Z">
          <params>
            <param index="0">
              <value>
                <![CDATA[firefox]]>
              </value>
            </param>
          </params>
          <reporter-output>
          </reporter-output>
        </test-method> <!-- beforeTest -->
        <test-method status="PASS" signature="TC_02_OpenMenu()[pri:0, instance:tc.common.OpenAllPages@3ecf72fd]" name="TC_02_OpenMenu" duration-ms="150030" started-at="2018-06-27T15:00:38Z" finished-at="2018-06-27T15:03:08Z">
          <reporter-output>
          </reporter-output>
        </test-method> <!-- TC_02_OpenMenu -->
        <test-method status="PASS" signature="afterTest()[pri:0, instance:tc.common.OpenAllPages@3ecf72fd]" name="afterTest" is-config="true" duration-ms="632" started-at="2018-06-27T15:03:08Z" finished-at="2018-06-27T15:03:09Z">
          <reporter-output>
          </reporter-output>
        </test-method> <!-- afterTest -->
      </class> <!-- tc.common.OpenAllPages -->
    </test> <!-- Run on FIREFOX browser -->
  </suite> <!-- DCM -->
</testng-results>
